this INSERTED
this house INSERTED
this house belongs INSERTED
this to INSERTED
this house belongs bangers INSERTED
this house belongs bangers and INSERTED
this house mash INSERTED
this house belongs bangers and a INSERTED
this house belongs bangers bell INSERTED
this house belongs hangs INSERTED
this house belongs hangs by INSERTED
this house mash the INSERTED
this house belongs hangs by door INSERTED
this house mash the mum INSERTED
this house mash is INSERTED
this house mash the mum singing INSERTED
this house belongs bangers and as INSERTED
this house mash the mum singing she INSERTED
this house belongs hangs by door dusts INSERTED
this house mash the DELETED
this house DELETED
this is belongs bangers DELETED
this is belongs bell and DELETED
this is mash DELETED
this is mum singing swing INSERTED
this to up INSERTED
this is belongs bell as a and INSERTED
this is mum singing she ring INSERTED
this is mum singing swing the INSERTED
this is belongs bell DELETED
this is belongs hangs by door ding INSERTED
this is belongs hangs by door ding dong INSERTED
this is mum singing swing the then INSERTED
this is mum singing swing the then they INSERTED
this is mum singing she ring run INSERTED
this is mum singing she ring off INSERTED
this is mum singing swing so INSERTED
this is mum DELETED
this is belongs hangs by door ding cannot INSERTED
this is singing she ring run see INSERTED
this is singing swing the then them INSERTED
this is singing she ring off mum INSERTED
this is singing she ring off opens INSERTED
this is singing swing the DELETED
this is belongs hangs by door DELETED
this is singing she DELETED
this is DELETED
this mum belongs hangs by dusts ding cannot cross INSERTED
this mum belongs as bangers INSERTED
this mum belongs as a and DELETED
this mum belongs hangs mash INSERTED
this mum singing ring off must INSERTED
this mum belongs hangs mash have INSERTED
this mum singing ring run see rung INSERTED
this mum singing swing then them the INSERTED
this mum belongs as bangers bell INSERTED
this mum belongs as a along INSERTED
this mum belongs hangs by dusts ding cannot cross comes INSERTED
this mum singing swing then them the DELETED
this mum singing ring off opens postman INSERTED
this mum belongs hangs mash have he INSERTED
this mum belongs hangs mash have he is INSERTED
this mum belongs hangs by bringing INSERTED
this mum belongs as a DELETED
this mum belongs hangs mash have he is long INSERTED
this mum belongs hangs by bringing box INSERTED
this mum belongs hangs mash have he DELETED
this mum singing swing then them swings INSERTED
this to up DELETED
this to DELETED
this mum singing swing then them swings the INSERTED
this mum belongs as bangers bell DELETED
this mum belongs as along and INSERTED
this mum singing ring run rings INSERTED
this mum belongs hangs mash have is long it INSERTED
this mum belongs hangs by dusts ding DELETED
this mum belongs hangs by dusts dong DELETED
this mum singing swing then DELETED
this mum belongs hangs mash have is he INSERTED
this mum belongs as bangers bangs INSERTED
this mum singing ring off opens on INSERTED
this mum singing swing they them swings the DELETED
this mum belongs hangs by dusts cannot cross door INSERTED
this mum DELETED
this must singing swing so stops INSERTED
this must belongs hangs by dusts cannot cross door dusting INSERTED
this must belongs as along and DELETED
this must singing DELETED
this must belongs hangs mash have is he her INSERTED
this must so swing stops song INSERTED
this must so swing stops song stop INSERTED
this must so swing they them swings that INSERTED
this must so ring run rings ringing INSERTED
this must so ring run see she INSERTED
this must so ring off opens DELETED
this must so swing they them swings that the INSERTED
this must belongs hangs by dusts cannot cross door DELETED
this yelling INSERTED
this must belongs hangs mash have is he her i INSERTED
this yelling will INSERTED
this must so ring run see she smack INSERTED
this yelling your INSERTED
this must belongs hangs by bringing box bottoms INSERTED
this must belongs hangs by dusts cannot cross dusting down INSERTED
this must belongs hangs by dusts falls INSERTED
this must so swing they them swings that the DELETED
this must so ring off postman DELETED
this must belongs as bangers bang INSERTED
this must so ring off on DELETED
this must belongs hangs mash have is he her i his INSERTED
this must belongs hangs mash have is he her head INSERTED
this must belongs hangs by dusts cannot cross dusting down dad INSERTED
this must belongs hangs mash have is DELETED
this must so ring off picking INSERTED
this must belongs hangs mash have it he her i his him INSERTED
this yelling will up INSERTED
this must belongs as along and INSERTED
this must belongs hangs by dusts cannot cross dusting DELETED
this must belongs hangs mash have it he her i his him DELETED
this must belongs hangs by dusts cannot cross down DELETED
this must belongs hangs mash have it he her i in INSERTED
this must so swing they them swings that the INSERTED
this must belongs hangs mash have it long DELETED
this must belongs hangs by bringing box DELETED
this must belongs hangs mash have it he her i in is INSERTED
this must belongs as along a INSERTED
this must so swing DELETED
this must belongs hangs by dusts falls for INSERTED
this must belongs as bangers DELETED
this must belongs as along and DELETED
this must belongs hangs mash DELETED
this must belongs hangs by dusts cannot cross dad DELETED
this must belongs hangs have it he her i in is DELETED
this must belongs hangs by dusts falls for fixing INSERTED
this must so swings they them that the DELETED
this must so swings stops swing INSERTED
this yelling will up DELETED
this must belongs hangs have it he her i in DELETED
this must so swings they them that the INSERTED
this yelling will tree INSERTED
this must belongs as bangs bang bangers INSERTED
this must belongs hangs have it he her i is INSERTED
this must so ring off picking on INSERTED
this must so swings they them that the DELETED
this must so swings stops swing DELETED
this yelling will with INSERTED
this must belongs as along a DELETED
this must belongs hangs have it long INSERTED
this must so swings stops swing INSERTED
this yelling will tree up INSERTED
this must belongs hangs have it he DELETED
this must belongs hangs by dusts cannot can INSERTED
this must belongs hangs have it long just INSERTED
this must so ring DELETED
this must so swings they them that the INSERTED
this must belongs as bangs bell INSERTED
this must belongs as DELETED
this must belongs hangs have it long mum INSERTED
this must belongs hangs by dusts falls for gets INSERTED
this yelling will tree to INSERTED
this must so swings they them that the DELETED
this must belongs hangs by dusts cannot cross door INSERTED
this must belongs bang along aunt INSERTED
this must belongs hangs have it long just lill INSERTED
this must belongs hangs by dusts cannot cross comes DELETED
this must belongs bang along DELETED
this yelling will with DELETED
this must belongs hangs have it her DELETED
this must belongs hangs have it long just lill little INSERTED
this must belongs bang aunt baby INSERTED
this must belongs hangs by bringing bubble INSERTED
this must belongs hangs have it long mum DELETED
this must belongs hangs by dusts cannot DELETED
this must belongs bang bangs bell be INSERTED
this must belongs hangs by dusts cross DELETED
this must so ringing off now INSERTED
this must so ringing run see she DELETED
this must so ringing off picking picks INSERTED
this yelling will tree up DELETED
this must belongs hangs by bringing bubble DELETED
this must belongs bang aunt and INSERTED
this must belongs hangs by dusts falls for gets gives INSERTED
this must belongs hangs have it his head her INSERTED
this must belongs bang aunt and a INSERTED
this must belongs hangs by dusts door can cuddle INSERTED
this must belongs hangs by dusts door can cuddle come INSERTED
this must belongs hangs have it his i is in INSERTED
this must belongs hangs by dusts falls for DELETED
this must belongs bang aunt and a DELETED
this must belongs hangs have it long just lill little DELETED
this must belongs hangs have it long just lill DELETED
this must so ringing run see smack she INSERTED
this must so ringing run see rung says INSERTED
this must belongs hangs by bringing bubble INSERTED
this must belongs hangs by dusts door can cuddle come cries INSERTED
this must belongs bang bangs bangers DELETED
this must belongs hangs have it long just jumps INSERTED
this must belongs hangs by dusts door down INSERTED
this must belongs bang aunt and DELETED
this must so ringing off picking picks DELETED
this must so swings they them that the INSERTED
this must belongs bang aunt baby DELETED
this must so ringing run see rung says s INSERTED
this must so ringing off picking rattle INSERTED
this yelling will tree up INSERTED
this must belongs hangs have it his head he INSERTED
this must so ringing off picking rattle rattles INSERTED
this must so swings they them that the DELETED
this must so ringing off picking rattle DELETED
this must so swings they them that the INSERTED
this must belongs bang aunt baby INSERTED
this must so swings stops DELETED
this must belongs hangs by dusts door can cuddle come cries crying INSERTED
this must belongs bang aunt and INSERTED
this must belongs hangs by dusts door can cuddle come chuckles INSERTED
this must belongs hangs have it his head he DELETED
this must so ringing off picking rattles picks INSERTED
this yelling will tree up DELETED
this must belongs hangs by bringing bubble DELETED
this must so ringing run see rung says s DELETED
this must belongs hangs by bringing bottoms bottle INSERTED
this must belongs bang aunt and DELETED
this must belongs hangs have has INSERTED
this must belongs bang aunt a INSERTED
this must belongs hangs by dusts door down drink INSERTED
this must belongs hangs by bringing bubble INSERTED
this must belongs hangs have it long just DELETED
this must belongs hangs by bringing bottoms bottle blows INSERTED
this must belongs hangs by bringing bubble bubbles INSERTED
this must so ringing off now next INSERTED
this must belongs hangs have it his head he INSERTED
this must so ringing off picking rattles picks DELETED
this yelling will tree up INSERTED
this must belongs hangs by bringing bubble DELETED
this must belongs bang aunt a and INSERTED
this must belongs hangs by dusts falls gets gives DELETED
this must belongs hangs have it his head her DELETED
this must belongs bang aunt a DELETED
this must belongs hangs by dusts door can cuddle DELETED
this must belongs hangs by bringing bubbles bubble INSERTED
this must belongs hangs by dusts door down drink dribbles INSERTED
this must so ringing off picking on DELETED
this must belongs hangs have it his head him INSERTED
this must belongs hangs have it long mash INSERTED
this must belongs hangs by dusts door can come cries comes INSERTED
this yelling will tree up DELETED
this must belongs hangs have it his head he DELETED
this yelling will tree to tickles INSERTED
this must belongs hangs by bringing bubbles bubble DELETED
this must belongs hangs have it his i is in DELETED
this must so swings they them that the DELETED
this must belongs hangs have it long mash middle INSERTED
this must so ringing off now of INSERTED
this must belongs hangs have it his head him her INSERTED
this must belongs hangs have it long jumps little INSERTED
this yelling will tree tummy INSERTED
this must belongs bang bangs bangers INSERTED
this must so ringing off picking rattles puts INSERTED
this must belongs hangs by bringing bubbles bubble INSERTED
this must belongs bang aunt baby back INSERTED
this must belongs hangs by bringing bubbles bubble DELETED
this must so swings swing song stop stops INSERTED
this must belongs hangs by dusts door can come chuckles chuckling INSERTED
this must belongs bang aunt and DELETED
this must belongs hangs by dusts door can come cries DELETED
this must belongs bang bangs bangers DELETED
this must belongs bang aunt and INSERTED
this must belongs hangs have it long mash DELETED
this must belongs hangs by dusts falls gets grab INSERTED
this must so swings they them that the INSERTED
this must so ringing off picking rattles puts pram INSERTED
this must belongs hangs by DELETED
this must so swings they them that the DELETED
this must belongs hangs can dusts falls gets grab handle INSERTED
this must belongs bang aunt and DELETED
this must belongs hangs can dusts falls gets grab give INSERTED
this must belongs hangs have it DELETED
this must belongs bang aunt a INSERTED
this must belongs hangs can bringing bottoms bottle blows big INSERTED
this must so ringing off picking rattles puts pram push INSERTED
this must belongs hangs have jumps his i is it INSERTED
this must so swings swing song stop stops DELETED
this must belongs hangs have jumps his i is in INSERTED
this must so swings they them that the INSERTED
this must belongs hangs have jumps long middle DELETED
this must so ringing off now of DELETED
this must belongs bang aunt a DELETED
this must so ringing off picking rattles puts pram push puddle INSERTED
this must so swings they DELETED
this must so swings swing song stop stand INSERTED
this must belongs hangs have jumps his i is in DELETED
this must so swings them that the DELETED
this must so ringing off picking rattles puts pram push puddle DELETED
this yelling will tree tummy up INSERTED
this yelling will tree to DELETED
this must so swings them that their INSERTED
this must belongs bang aunt ankles INSERTED
this must so swings them they INSERTED
this must so ringing off picking paddle INSERTED
this yelling will tree tummy up DELETED
this must belongs bang aunt ankles and INSERTED
this must belongs hangs can dusts door down DELETED
this must belongs hangs can bringing bubbles bubble INSERTED
this must belongs hangs can dusts falls gets grab handle grins INSERTED
this must belongs bang aunt ankles and DELETED
this must belongs hangs can dusts door drink dribbles DELETED
this must belongs hangs have jumps long mummy INSERTED
this must belongs hangs can dusts door come crying comes DELETED
this must so ringing off picking paddle out INSERTED
this yelling will tree tickles to INSERTED
this must belongs hangs can dusts falls gets grab give DELETED
this must belongs hangs can bringing bubbles bubble DELETED
this must belongs hangs have jumps his head him her DELETED
this must belongs hangs can bringing bottoms bottle DELETED
this must so ringing run see smack she DELETED
this must so ringing run see smack sees INSERTED
this must so swings them that their the INSERTED
this must so ringing off picking rattles puts pram DELETED
this must belongs hangs have jumps his i is in INSERTED
this must so swings them that their the DELETED
this must belongs hangs have jumps long mummy middle INSERTED
this must so ringing off now of INSERTED
this must so swings them that their the INSERTED
this must so ringing off picking rattles puts push puddle INSERTED
this must so ringing run see smack sees she INSERTED
this must so ringing run see rung says runs INSERTED
this yelling will tree tummy up INSERTED
this must belongs hangs can bringing bubbles but INSERTED
this must so ringing run see smack sees DELETED
this must so swings them that DELETED
this must belongs hangs can bringing bubbles bubble INSERTED
this must belongs hangs have jumps his i is DELETED
this must so ringing off now next not INSERTED
this must belongs hangs can dusts door come crying DELETED
this must belongs bang aunt ankles and INSERTED
this must belongs hangs have jumps his i it in is INSERTED
this must belongs hangs can dusts door come chuckles chuckling DELETED
this must belongs hangs have jumps long mummy middle mum INSERTED
this must belongs hangs can dusts falls gets grab goes INSERTED
this must belongs bang aunt baby back DELETED
this must belongs hangs have jumps his i it in DELETED
this must belongs bang aunt ankles and DELETED
this must belongs hangs can bringing bubbles bubble brings INSERTED
this must so ringing off picking paddle out DELETED
this yelling will tree tummy up two INSERTED
this must belongs hangs can bringing bottoms blows big DELETED
this must belongs bang aunt ankles apples INSERTED
this must belongs hangs can dusts falls gets fixing for INSERTED
this must belongs bang bangs bangers INSERTED
this must belongs bang aunt ankles and INSERTED
this must belongs hangs have jumps long mummy middle mash INSERTED
this must belongs bang aunt DELETED
this must belongs hangs have jumps long little lill INSERTED
this must belongs hangs can dusts door come comes INSERTED
this must belongs hangs can dusts falls gets fixing for DELETED
this must belongs hangs can bringing bubbles bubble DELETED
this yelling will tree tummy up what INSERTED
this must belongs bang baby ankles and a INSERTED
this must belongs hangs have jumps long mummy middle mum muddle INSERTED
this must belongs hangs have jumps his i it is in INSERTED
this must so swings them their the DELETED
this must belongs hangs have jumps long mummy middle DELETED
this must so ringing off now of DELETED
this must so swings them their the INSERTED
this must so ringing off picking rattles puts push puddle DELETED
LEXICON:
a
and
ankles
apples
baby
bang
bangers
bangs
be
bell
belongs
blows
bottoms
bringing
brings
bubbles
but
can
chuckles
come
comes
door
drink
dusts
falls
fixing
gets
goes
grab
grins
handle
hangs
has
have
head
him
his
i
in
is
it
jumps
lill
little
long
mash
muddle
mum
mummy
must
next
not
now
off
paddle
picking
push
puts
rattles
ringing
rings
run
rung
runs
says
see
she
smack
so
song
stand
stop
swing
swings
the
their
them
they
this
tickles
to
tree
tummy
two
up
what
will
yelling
your
